manifest-merger-release-report.txt
-- Merging decision tree log ---
manifest
ADDED from AndroidManifest.xml:2:1
	xmlns:tools
		ADDED from AndroidManifest.xml:4:5
	xmlns:android
		ADDED from AndroidManifest.xml:2:11
	package
		ADDED from AndroidManifest.xml:3:5
		INJECTED from AndroidManifest.xml:0:0
		INJECTED from AndroidManifest.xml:0:0
	android:versionName
		ADDED from AndroidManifest.xml:6:5
	android:versionCode
		ADDED from AndroidManifest.xml:5:5
		INJECTED from AndroidManifest.xml:0:0
		INJECTED from AndroidManifest.xml:0:0
uses-sdk
ADDED from AndroidManifest.xml:8:5
MERGED from app:tableFixHeaders:unspecified:7:5
MERGED from app:segmentedConrtolLib:unspecified:7:5
MERGED from com.android.support:appcompat-v7:19.0.0:18:5
MERGED from app:flatUILib:unspecified:7:5
MERGED from com.android.support:appcompat-v7:19.0.0:18:5
MERGED from app:Auto:unspecified:7:5
MERGED from app:bdwallet_pay_sdk:unspecified:7:5
MERGED from app:volley:unspecified:7:5
MERGED from app:mPChartLib:unspecified:7:5
MERGED from com.android.support:appcompat-v7:19.0.0:18:5
	android:targetSdkVersion
		ADDED from AndroidManifest.xml:10:9
		INJECTED from AndroidManifest.xml:0:0
		INJECTED from AndroidManifest.xml:0:0
	android:minSdkVersion
		ADDED from AndroidManifest.xml:9:9
		INJECTED from AndroidManifest.xml:0:0
		INJECTED from AndroidManifest.xml:0:0
uses-permission#android.permission.INTERNET
ADDED from AndroidManifest.xml:13:5
	android:name
		ADDED from AndroidManifest.xml:13:22
uses-permission#android.permission.READ_PHONE_STATE
ADDED from AndroidManifest.xml:14:5
	android:name
		ADDED from AndroidManifest.xml:14:22
uses-permission#android.permission.ACCESS_NETWORK_STATE
ADDED from AndroidManifest.xml:15:5
	android:name
		ADDED from AndroidManifest.xml:15:22
uses-permission#android.permission.RECEIVE_BOOT_COMPLETED
ADDED from AndroidManifest.xml:16:5
	android:name
		ADDED from AndroidManifest.xml:16:22
uses-permission#android.permission.WRITE_SETTINGS
ADDED from AndroidManifest.xml:17:5
	android:name
		ADDED from AndroidManifest.xml:17:22
uses-permission#android.permission.VIBRATE
ADDED from AndroidManifest.xml:18:5
	android:name
		ADDED from AndroidManifest.xml:18:22
uses-permission#android.permission.WRITE_EXTERNAL_STORAGE
ADDED from AndroidManifest.xml:19:5
	android:name
		ADDED from AndroidManifest.xml:19:22
uses-permission#android.permission.ACCESS_DOWNLOAD_MANAGER
ADDED from AndroidManifest.xml:20:5
	android:name
		ADDED from AndroidManifest.xml:20:22
uses-permission#android.permission.DOWNLOAD_WITHOUT_NOTIFICATION
ADDED from AndroidManifest.xml:21:5
	android:name
		ADDED from AndroidManifest.xml:21:22
uses-permission#android.permission.DISABLE_KEYGUARD
ADDED from AndroidManifest.xml:22:5
	android:name
		ADDED from AndroidManifest.xml:22:22
uses-permission#android.permission.ACCESS_COARSE_LOCATION
ADDED from AndroidManifest.xml:23:5
	android:name
		ADDED from AndroidManifest.xml:23:22
uses-permission#android.permission.ACCESS_WIFI_STATE
ADDED from AndroidManifest.xml:24:5
	android:name
		ADDED from AndroidManifest.xml:24:22
uses-permission#android.permission.ACCESS_FINE_LOCATION
ADDED from AndroidManifest.xml:25:5
	android:name
		ADDED from AndroidManifest.xml:25:22
uses-permission#android.permission.SEND_SMS
ADDED from AndroidManifest.xml:27:5
	android:name
		ADDED from AndroidManifest.xml:27:22
uses-permission#android.permission.SYSTEM_ALERT_WINDOW
ADDED from AndroidManifest.xml:28:5
	android:name
		ADDED from AndroidManifest.xml:28:22
uses-permission#android.permission.CHANGE_WIFI_STATE
ADDED from AndroidManifest.xml:30:5
	android:name
		ADDED from AndroidManifest.xml:30:22
uses-permission#android.permission.WAKE_LOCK
ADDED from AndroidManifest.xml:31:5
	android:name
		ADDED from AndroidManifest.xml:31:22
uses-permission#getui.permission.GetuiService.com.csapp.mvp.dkb
ADDED from AndroidManifest.xml:32:5
	android:name
		ADDED from AndroidManifest.xml:32:22
uses-permission#android.permission.GET_TASKS
ADDED from AndroidManifest.xml:33:5
	android:name
		ADDED from AndroidManifest.xml:33:22
permission#getui.permission.GetuiService.com.csapp.mvp.dkb
ADDED from AndroidManifest.xml:38:5
	android:protectionLevel
		ADDED from AndroidManifest.xml:40:9
	android:name
		ADDED from AndroidManifest.xml:39:9
application
ADDED from AndroidManifest.xml:43:5
MERGED from app:tableFixHeaders:unspecified:11:5
MERGED from com.android.support:appcompat-v7:19.0.0:19:5
MERGED from com.android.support:appcompat-v7:19.0.0:19:5
MERGED from app:library:unspecified:6:5
MERGED from app:volley:unspecified:9:5
MERGED from com.android.support:appcompat-v7:19.0.0:19:5
	android:label
		ADDED from AndroidManifest.xml:48:9
	android:allowBackup
		ADDED from AndroidManifest.xml:46:9
		REJECTED from app:tableFixHeaders:unspecified:11:18
	android:icon
		ADDED from AndroidManifest.xml:47:9
	android:theme
		ADDED from AndroidManifest.xml:50:9
	android:hardwareAccelerated
		ADDED from AndroidManifest.xml:45:9
	tools:replace
		ADDED from AndroidManifest.xml:49:9
	android:name
		ADDED from AndroidManifest.xml:44:9
activity#com.csapp.mvp.dkb.Login.LoginActivity
ADDED from AndroidManifest.xml:51:9
	android:screenOrientation
		ADDED from AndroidManifest.xml:54:13
	android:label
		ADDED from AndroidManifest.xml:53:13
	android:name
		ADDED from AndroidManifest.xml:52:13
intent-filter#android.intent.action.MAIN+android.intent.category.LAUNCHER
ADDED from AndroidManifest.xml:56:13
action#android.intent.action.MAIN
ADDED from AndroidManifest.xml:57:17
	android:name
		ADDED from AndroidManifest.xml:57:25
category#android.intent.category.LAUNCHER
ADDED from AndroidManifest.xml:59:17
	android:name
		ADDED from AndroidManifest.xml:59:27
activity#com.csapp.mvp.dkb.main.MainActivity
ADDED from AndroidManifest.xml:62:9
	android:screenOrientation
		ADDED from AndroidManifest.xml:66:13
	android:label
		ADDED from AndroidManifest.xml:65:13
	android:uiOptions
		ADDED from AndroidManifest.xml:64:13
	android:name
		ADDED from AndroidManifest.xml:63:13
meta-data#android.support.UI_OPTIONS
ADDED from AndroidManifest.xml:75:13
	android:name
		ADDED from AndroidManifest.xml:75:24
	android:value
		ADDED from AndroidManifest.xml:76:17
activity#com.csapp.mvp.dkb.details.TabbedListActivity
ADDED from AndroidManifest.xml:79:9
	android:screenOrientation
		ADDED from AndroidManifest.xml:82:13
	android:label
		ADDED from AndroidManifest.xml:81:13
	android:name
		ADDED from AndroidManifest.xml:80:13
meta-data#android.support.PARENT_ACTIVITY
ADDED from AndroidManifest.xml:83:13
	android:name
		ADDED from AndroidManifest.xml:84:17
	android:value
		ADDED from AndroidManifest.xml:85:17
activity#com.csapp.mvp.dkb.Login.RegisterActivity
ADDED from AndroidManifest.xml:95:9
	android:screenOrientation
		ADDED from AndroidManifest.xml:97:13
	android:name
		ADDED from AndroidManifest.xml:96:13
activity#com.csapp.mvp.dkb.pay.Pingpp
ADDED from AndroidManifest.xml:104:9
	android:screenOrientation
		ADDED from AndroidManifest.xml:106:13
	android:name
		ADDED from AndroidManifest.xml:105:13
activity#com.csapp.mvp.dkb.pay.PaymentWebview
ADDED from AndroidManifest.xml:112:9
	android:screenOrientation
		ADDED from AndroidManifest.xml:114:13
	android:name
		ADDED from AndroidManifest.xml:113:13
activity#com.pingplusplus.android.PaymentActivity
ADDED from AndroidManifest.xml:120:9
	android:theme
		ADDED from AndroidManifest.xml:123:13
	android:name
		ADDED from AndroidManifest.xml:121:13
	android:launchMode
		ADDED from AndroidManifest.xml:122:13
activity#com.alipay.sdk.app.H5PayActivity
ADDED from AndroidManifest.xml:124:9
	android:screenOrientation
		ADDED from AndroidManifest.xml:128:13
	android:configChanges
		ADDED from AndroidManifest.xml:126:13
	android:exported
		ADDED from AndroidManifest.xml:127:13
	android:name
		ADDED from AndroidManifest.xml:125:13
activity#com.alipay.sdk.auth.AuthActivity
ADDED from AndroidManifest.xml:130:9
	android:screenOrientation
		ADDED from AndroidManifest.xml:134:13
	android:configChanges
		ADDED from AndroidManifest.xml:132:13
	android:exported
		ADDED from AndroidManifest.xml:133:13
	android:name
		ADDED from AndroidManifest.xml:131:13
activity-alias#com.csapp.mvp.dkb.wxapi.WXPayEntryActivity
ADDED from AndroidManifest.xml:136:9
	android:exported
		ADDED from AndroidManifest.xml:139:13
	android:targetActivity
		ADDED from AndroidManifest.xml:138:13
	android:name
		ADDED from AndroidManifest.xml:137:13
activity#com.baidu.paysdk.login.LoginActivity
ADDED from AndroidManifest.xml:141:9
	android:windowSoftInputMode
		ADDED from AndroidManifest.xml:147:13
	android:configChanges
		ADDED from AndroidManifest.xml:143:13
	android:theme
		ADDED from AndroidManifest.xml:146:13
	android:exported
		ADDED from AndroidManifest.xml:145:13
	android:excludeFromRecents
		ADDED from AndroidManifest.xml:144:13
	android:name
		ADDED from AndroidManifest.xml:142:13
activity#com.baidu.paysdk.ui.WelcomeActivity
ADDED from AndroidManifest.xml:148:9
	android:windowSoftInputMode
		ADDED from AndroidManifest.xml:155:13
	android:screenOrientation
		ADDED from AndroidManifest.xml:154:13
	android:configChanges
		ADDED from AndroidManifest.xml:150:13
	android:theme
		ADDED from AndroidManifest.xml:153:13
	android:exported
		ADDED from AndroidManifest.xml:152:13
	android:excludeFromRecents
		ADDED from AndroidManifest.xml:151:13
	android:name
		ADDED from AndroidManifest.xml:149:13
activity#com.baidu.paysdk.ui.OrderHomeActivity
ADDED from AndroidManifest.xml:156:9
	android:windowSoftInputMode
		ADDED from AndroidManifest.xml:164:13
	android:screenOrientation
		ADDED from AndroidManifest.xml:162:13
	android:configChanges
		ADDED from AndroidManifest.xml:158:13
	android:theme
		ADDED from AndroidManifest.xml:163:13
	android:hardwareAccelerated
		ADDED from AndroidManifest.xml:161:13
	android:exported
		ADDED from AndroidManifest.xml:160:13
	android:excludeFromRecents
		ADDED from AndroidManifest.xml:159:13
	android:name
		ADDED from AndroidManifest.xml:157:13
activity#com.baidu.paysdk.ui.PayResultActivity
ADDED from AndroidManifest.xml:165:9
	android:windowSoftInputMode
		ADDED from AndroidManifest.xml:172:13
	android:screenOrientation
		ADDED from AndroidManifest.xml:170:13
	android:configChanges
		ADDED from AndroidManifest.xml:167:13
	android:theme
		ADDED from AndroidManifest.xml:171:13
	android:exported
		ADDED from AndroidManifest.xml:169:13
	android:excludeFromRecents
		ADDED from AndroidManifest.xml:168:13
	android:name
		ADDED from AndroidManifest.xml:166:13
activity#com.baidu.paysdk.ui.PcPwdCheckActivity
ADDED from AndroidManifest.xml:173:9
	android:windowSoftInputMode
		ADDED from AndroidManifest.xml:180:13
	android:screenOrientation
		ADDED from AndroidManifest.xml:179:13
	android:configChanges
		ADDED from AndroidManifest.xml:175:13
	android:theme
		ADDED from AndroidManifest.xml:178:13
	android:exported
		ADDED from AndroidManifest.xml:177:13
	android:excludeFromRecents
		ADDED from AndroidManifest.xml:176:13
	android:name
		ADDED from AndroidManifest.xml:174:13
activity#com.baidu.paysdk.ui.PwdCheckActivity
ADDED from AndroidManifest.xml:181:9
	android:windowSoftInputMode
		ADDED from AndroidManifest.xml:188:13
	android:screenOrientation
		ADDED from AndroidManifest.xml:187:13
	android:configChanges
		ADDED from AndroidManifest.xml:183:13
	android:theme
		ADDED from AndroidManifest.xml:186:13
	android:exported
		ADDED from AndroidManifest.xml:185:13
	android:excludeFromRecents
		ADDED from AndroidManifest.xml:184:13
	android:name
		ADDED from AndroidManifest.xml:182:13
activity#com.baidu.paysdk.ui.PwdSetAndConfirmActivity
ADDED from AndroidManifest.xml:189:9
	android:windowSoftInputMode
		ADDED from AndroidManifest.xml:195:13
	android:configChanges
		ADDED from AndroidManifest.xml:191:13
	android:theme
		ADDED from AndroidManifest.xml:194:13
	android:exported
		ADDED from AndroidManifest.xml:193:13
	android:excludeFromRecents
		ADDED from AndroidManifest.xml:192:13
	android:name
		ADDED from AndroidManifest.xml:190:13
activity#com.baidu.paysdk.ui.PwdPayActivity
ADDED from AndroidManifest.xml:196:9
	android:windowSoftInputMode
		ADDED from AndroidManifest.xml:203:13
	android:screenOrientation
		ADDED from AndroidManifest.xml:202:13
	android:configChanges
		ADDED from AndroidManifest.xml:198:13
	android:theme
		ADDED from AndroidManifest.xml:201:13
	android:exported
		ADDED from AndroidManifest.xml:200:13
	android:excludeFromRecents
		ADDED from AndroidManifest.xml:199:13
	android:name
		ADDED from AndroidManifest.xml:197:13
activity#com.baidu.paysdk.ui.PwdPaySmsActivity
ADDED from AndroidManifest.xml:204:9
	android:windowSoftInputMode
		ADDED from AndroidManifest.xml:211:13
	android:screenOrientation
		ADDED from AndroidManifest.xml:210:13
	android:configChanges
		ADDED from AndroidManifest.xml:206:13
	android:theme
		ADDED from AndroidManifest.xml:209:13
	android:exported
		ADDED from AndroidManifest.xml:208:13
	android:excludeFromRecents
		ADDED from AndroidManifest.xml:207:13
	android:name
		ADDED from AndroidManifest.xml:205:13
activity#com.baidu.paysdk.ui.WebViewActivity
ADDED from AndroidManifest.xml:212:9
	android:windowSoftInputMode
		ADDED from AndroidManifest.xml:219:13
	android:screenOrientation
		ADDED from AndroidManifest.xml:217:13
	android:configChanges
		ADDED from AndroidManifest.xml:214:13
	android:theme
		ADDED from AndroidManifest.xml:218:13
	android:exported
		ADDED from AndroidManifest.xml:216:13
	android:excludeFromRecents
		ADDED from AndroidManifest.xml:215:13
	android:name
		ADDED from AndroidManifest.xml:213:13
activity#com.baidu.paysdk.ui.BindCardNoActivity
ADDED from AndroidManifest.xml:220:9
	android:windowSoftInputMode
		ADDED from AndroidManifest.xml:227:13
	android:screenOrientation
		ADDED from AndroidManifest.xml:226:13
	android:configChanges
		ADDED from AndroidManifest.xml:222:13
	android:theme
		ADDED from AndroidManifest.xml:225:13
	android:exported
		ADDED from AndroidManifest.xml:224:13
	android:excludeFromRecents
		ADDED from AndroidManifest.xml:223:13
	android:name
		ADDED from AndroidManifest.xml:221:13
activity#com.baidu.paysdk.ui.BindCardDetailActivity
ADDED from AndroidManifest.xml:228:9
	android:windowSoftInputMode
		ADDED from AndroidManifest.xml:235:13
	android:screenOrientation
		ADDED from AndroidManifest.xml:234:13
	android:configChanges
		ADDED from AndroidManifest.xml:230:13
	android:theme
		ADDED from AndroidManifest.xml:233:13
	android:exported
		ADDED from AndroidManifest.xml:232:13
	android:excludeFromRecents
		ADDED from AndroidManifest.xml:231:13
	android:name
		ADDED from AndroidManifest.xml:229:13
activity#com.baidu.paysdk.ui.BindCardDetailCredit2Activity
ADDED from AndroidManifest.xml:236:9
	android:windowSoftInputMode
		ADDED from AndroidManifest.xml:243:13
	android:screenOrientation
		ADDED from AndroidManifest.xml:241:13
	android:configChanges
		ADDED from AndroidManifest.xml:238:13
	android:theme
		ADDED from AndroidManifest.xml:242:13
	android:exported
		ADDED from AndroidManifest.xml:240:13
	android:excludeFromRecents
		ADDED from AndroidManifest.xml:239:13
	android:name
		ADDED from AndroidManifest.xml:237:13
activity#com.baidu.paysdk.ui.BindCardDetailCreditActivity
ADDED from AndroidManifest.xml:244:9
	android:windowSoftInputMode
		ADDED from AndroidManifest.xml:250:13
	android:screenOrientation
		ADDED from AndroidManifest.xml:249:13
	android:configChanges
		ADDED from AndroidManifest.xml:246:13
	android:theme
		ADDED from AndroidManifest.xml:251:13
	android:exported
		ADDED from AndroidManifest.xml:248:13
	android:excludeFromRecents
		ADDED from AndroidManifest.xml:247:13
	android:name
		ADDED from AndroidManifest.xml:245:13
activity#com.baidu.paysdk.ui.BindSmsActivity
ADDED from AndroidManifest.xml:252:9
	android:windowSoftInputMode
		ADDED from AndroidManifest.xml:259:13
	android:screenOrientation
		ADDED from AndroidManifest.xml:256:13
	android:configChanges
		ADDED from AndroidManifest.xml:254:13
	android:theme
		ADDED from AndroidManifest.xml:258:13
	android:exported
		ADDED from AndroidManifest.xml:257:13
	android:excludeFromRecents
		ADDED from AndroidManifest.xml:255:13
	android:name
		ADDED from AndroidManifest.xml:253:13
activity#com.baidu.paysdk.ui.SelectBindCardActivity
ADDED from AndroidManifest.xml:260:9
	android:windowSoftInputMode
		ADDED from AndroidManifest.xml:267:13
	android:screenOrientation
		ADDED from AndroidManifest.xml:265:13
	android:configChanges
		ADDED from AndroidManifest.xml:262:13
	android:theme
		ADDED from AndroidManifest.xml:266:13
	android:exported
		ADDED from AndroidManifest.xml:264:13
	android:excludeFromRecents
		ADDED from AndroidManifest.xml:263:13
	android:name
		ADDED from AndroidManifest.xml:261:13
activity#com.baidu.paysdk.ui.SecurityCenterActivity
ADDED from AndroidManifest.xml:268:9
	android:windowSoftInputMode
		ADDED from AndroidManifest.xml:275:13
	android:screenOrientation
		ADDED from AndroidManifest.xml:273:13
	android:configChanges
		ADDED from AndroidManifest.xml:270:13
	android:theme
		ADDED from AndroidManifest.xml:274:13
	android:exported
		ADDED from AndroidManifest.xml:272:13
	android:excludeFromRecents
		ADDED from AndroidManifest.xml:271:13
	android:name
		ADDED from AndroidManifest.xml:269:13
activity#com.baidu.paysdk.ui.PrivacyProtectionActivity
ADDED from AndroidManifest.xml:276:9
	android:windowSoftInputMode
		ADDED from AndroidManifest.xml:283:13
	android:screenOrientation
		ADDED from AndroidManifest.xml:281:13
	android:configChanges
		ADDED from AndroidManifest.xml:278:13
	android:theme
		ADDED from AndroidManifest.xml:282:13
	android:exported
		ADDED from AndroidManifest.xml:280:13
	android:excludeFromRecents
		ADDED from AndroidManifest.xml:279:13
	android:name
		ADDED from AndroidManifest.xml:277:13
activity#com.baidu.paysdk.ui.PhonePwdActivity
ADDED from AndroidManifest.xml:284:9
	android:windowSoftInputMode
		ADDED from AndroidManifest.xml:291:13
	android:screenOrientation
		ADDED from AndroidManifest.xml:290:13
	android:configChanges
		ADDED from AndroidManifest.xml:286:13
	android:theme
		ADDED from AndroidManifest.xml:289:13
	android:exported
		ADDED from AndroidManifest.xml:288:13
	android:excludeFromRecents
		ADDED from AndroidManifest.xml:287:13
	android:name
		ADDED from AndroidManifest.xml:285:13
meta-data#PUSH_APPID
ADDED from AndroidManifest.xml:294:9
	android:name
		ADDED from AndroidManifest.xml:295:13
	android:value
		ADDED from AndroidManifest.xml:296:13
meta-data#PUSH_APPKEY
ADDED from AndroidManifest.xml:297:9
	android:name
		ADDED from AndroidManifest.xml:298:13
	android:value
		ADDED from AndroidManifest.xml:299:13
meta-data#PUSH_APPSECRET
ADDED from AndroidManifest.xml:300:9
	android:name
		ADDED from AndroidManifest.xml:301:13
	android:value
		ADDED from AndroidManifest.xml:302:13
meta-data#PUSH_GROUPID
ADDED from AndroidManifest.xml:303:9
	android:name
		ADDED from AndroidManifest.xml:304:13
	android:value
		ADDED from AndroidManifest.xml:305:13
receiver#com.csapp.mvp.dkb.push.PushDemoReceiver
ADDED from AndroidManifest.xml:308:9
	android:exported
		ADDED from AndroidManifest.xml:310:13
	android:name
		ADDED from AndroidManifest.xml:309:13
intent-filter#com.igexin.sdk.action.qrL7ue0QZF8nAQn0V6v2v4
ADDED from AndroidManifest.xml:311:13
action#com.igexin.sdk.action.qrL7ue0QZF8nAQn0V6v2v4
ADDED from AndroidManifest.xml:312:17
	android:name
		ADDED from AndroidManifest.xml:312:25
service#com.igexin.sdk.PushService
ADDED from AndroidManifest.xml:316:9
	android:label
		ADDED from AndroidManifest.xml:320:13
	android:process
		ADDED from AndroidManifest.xml:318:13
	android:exported
		ADDED from AndroidManifest.xml:319:13
	android:name
		ADDED from AndroidManifest.xml:317:13
receiver#com.igexin.sdk.PushReceiver
ADDED from AndroidManifest.xml:322:9
	android:name
		ADDED from AndroidManifest.xml:322:19
intent-filter#android.intent.action.BOOT_COMPLETED+android.intent.action.USER_PRESENT+android.net.conn.CONNECTIVITY_CHANGE+com.igexin.sdk.action.refreshls
ADDED from AndroidManifest.xml:323:13
action#android.intent.action.BOOT_COMPLETED
ADDED from AndroidManifest.xml:324:17
	android:name
		ADDED from AndroidManifest.xml:324:25
action#android.net.conn.CONNECTIVITY_CHANGE
ADDED from AndroidManifest.xml:325:17
	android:name
		ADDED from AndroidManifest.xml:325:25
action#android.intent.action.USER_PRESENT
ADDED from AndroidManifest.xml:326:17
	android:name
		ADDED from AndroidManifest.xml:326:25
action#com.igexin.sdk.action.refreshls
ADDED from AndroidManifest.xml:327:17
	android:name
		ADDED from AndroidManifest.xml:327:25
receiver#com.igexin.sdk.PushManagerReceiver
ADDED from AndroidManifest.xml:330:9
	android:exported
		ADDED from AndroidManifest.xml:332:13
	android:name
		ADDED from AndroidManifest.xml:331:13
intent-filter#com.igexin.sdk.action.pushmanager
ADDED from AndroidManifest.xml:333:13
action#com.igexin.sdk.action.pushmanager
ADDED from AndroidManifest.xml:334:17
	android:name
		ADDED from AndroidManifest.xml:334:25
activity#com.igexin.sdk.PushActivity
ADDED from AndroidManifest.xml:337:9
	android:theme
		ADDED from AndroidManifest.xml:343:13
	android:process
		ADDED from AndroidManifest.xml:339:13
	android:exported
		ADDED from AndroidManifest.xml:341:13
	android:excludeFromRecents
		ADDED from AndroidManifest.xml:340:13
	android:taskAffinity
		ADDED from AndroidManifest.xml:342:13
	android:name
		ADDED from AndroidManifest.xml:338:13
service#com.igexin.download.DownloadService
ADDED from AndroidManifest.xml:346:9
	android:process
		ADDED from AndroidManifest.xml:346:69
	android:name
		ADDED from AndroidManifest.xml:346:18
receiver#com.igexin.download.DownloadReceiver
ADDED from AndroidManifest.xml:347:9
	android:name
		ADDED from AndroidManifest.xml:347:19
intent-filter#android.net.conn.CONNECTIVITY_CHANGE
ADDED from AndroidManifest.xml:348:13
provider#com.igexin.download.DownloadProvider
ADDED from AndroidManifest.xml:352:9
	android:process
		ADDED from AndroidManifest.xml:353:13
	android:authorities
		ADDED from AndroidManifest.xml:355:13
	android:name
		ADDED from AndroidManifest.xml:354:13
activity#com.igexin.getuiext.activity.GetuiExtActivity
ADDED from AndroidManifest.xml:358:9
	android:configChanges
		ADDED from AndroidManifest.xml:359:13
	android:theme
		ADDED from AndroidManifest.xml:363:13
	android:process
		ADDED from AndroidManifest.xml:361:13
	android:exported
		ADDED from AndroidManifest.xml:364:13
	android:excludeFromRecents
		ADDED from AndroidManifest.xml:360:13
	android:taskAffinity
		ADDED from AndroidManifest.xml:362:13
	android:name
		ADDED from AndroidManifest.xml:358:19
receiver#com.igexin.getuiext.service.PayloadReceiver
ADDED from AndroidManifest.xml:366:9
	android:exported
		ADDED from AndroidManifest.xml:366:78
	android:name
		ADDED from AndroidManifest.xml:366:19
intent-filter#com.igexin.sdk.action.7fjUl2Z3LH6xYy7NQK4ni4+com.igexin.sdk.action.qrL7ue0QZF8nAQn0V6v2v4
ADDED from AndroidManifest.xml:367:13
action#com.igexin.sdk.action.7fjUl2Z3LH6xYy7NQK4ni4
ADDED from AndroidManifest.xml:369:17
	android:name
		ADDED from AndroidManifest.xml:369:25
service#com.igexin.getuiext.service.GetuiExtService
ADDED from AndroidManifest.xml:375:9
	android:process
		ADDED from AndroidManifest.xml:375:77
	android:name
		ADDED from AndroidManifest.xml:375:18
receiver#com.csapp.mvp.dkb.push.MyPushMessageReceiver
ADDED from AndroidManifest.xml:380:9
	android:name
		ADDED from AndroidManifest.xml:380:19
intent-filter#com.baidu.android.pushservice.action.MESSAGE+com.baidu.android.pushservice.action.RECEIVE+com.baidu.android.pushservice.action.notification.CLICK
ADDED from AndroidManifest.xml:381:13
action#com.baidu.android.pushservice.action.MESSAGE
ADDED from AndroidManifest.xml:384:17
	android:name
		ADDED from AndroidManifest.xml:384:25
action#com.baidu.android.pushservice.action.RECEIVE
ADDED from AndroidManifest.xml:386:17
	android:name
		ADDED from AndroidManifest.xml:386:25
action#com.baidu.android.pushservice.action.notification.CLICK
ADDED from AndroidManifest.xml:387:17
	android:name
		ADDED from AndroidManifest.xml:387:25
receiver#com.baidu.android.pushservice.PushServiceReceiver
ADDED from AndroidManifest.xml:392:9
	android:process
		ADDED from AndroidManifest.xml:394:13
	android:name
		ADDED from AndroidManifest.xml:393:13
intent-filter#android.intent.action.ACTION_POWER_CONNECTED+android.intent.action.ACTION_POWER_DISCONNECTED+android.intent.action.BOOT_COMPLETED+android.intent.action.MEDIA_MOUNTED+android.intent.action.USER_PRESENT+android.net.conn.CONNECTIVITY_CHANGE+com.baidu.android.pushservice.action.media.CLICK+com.baidu.android.pushservice.action.notification.SHOW
ADDED from AndroidManifest.xml:395:13
action#com.baidu.android.pushservice.action.notification.SHOW
ADDED from AndroidManifest.xml:398:17
	android:name
		ADDED from AndroidManifest.xml:398:25
action#com.baidu.android.pushservice.action.media.CLICK
ADDED from AndroidManifest.xml:399:17
	android:name
		ADDED from AndroidManifest.xml:399:25
action#android.intent.action.MEDIA_MOUNTED
ADDED from AndroidManifest.xml:401:17
	android:name
		ADDED from AndroidManifest.xml:401:25
action#android.intent.action.ACTION_POWER_CONNECTED
ADDED from AndroidManifest.xml:403:17
	android:name
		ADDED from AndroidManifest.xml:403:25
action#android.intent.action.ACTION_POWER_DISCONNECTED
ADDED from AndroidManifest.xml:404:17
	android:name
		ADDED from AndroidManifest.xml:404:25
receiver#com.baidu.android.pushservice.RegistrationReceiver
ADDED from AndroidManifest.xml:407:9
	android:process
		ADDED from AndroidManifest.xml:409:13
	android:name
		ADDED from AndroidManifest.xml:408:13
intent-filter#com.baidu.android.pushservice.action.BIND_SYNC+com.baidu.android.pushservice.action.METHOD
ADDED from AndroidManifest.xml:410:13
action#com.baidu.android.pushservice.action.METHOD
ADDED from AndroidManifest.xml:411:17
	android:name
		ADDED from AndroidManifest.xml:411:25
action#com.baidu.android.pushservice.action.BIND_SYNC
ADDED from AndroidManifest.xml:412:17
	android:name
		ADDED from AndroidManifest.xml:412:25
intent-filter#android.intent.action.PACKAGE_REMOVED
ADDED from AndroidManifest.xml:414:13
action#android.intent.action.PACKAGE_REMOVED
ADDED from AndroidManifest.xml:415:17
	android:name
		ADDED from AndroidManifest.xml:415:25
data
ADDED from AndroidManifest.xml:417:17
	android:scheme
		ADDED from AndroidManifest.xml:417:23
service#com.baidu.android.pushservice.PushService
ADDED from AndroidManifest.xml:421:9
	android:process
		ADDED from AndroidManifest.xml:424:13
	android:exported
		ADDED from AndroidManifest.xml:423:13
	android:name
		ADDED from AndroidManifest.xml:422:13
intent-filter#com.baidu.android.pushservice.action.PUSH_SERVICE
ADDED from AndroidManifest.xml:425:13
action#com.baidu.android.pushservice.action.PUSH_SERVICE
ADDED from AndroidManifest.xml:426:17
	android:name
		ADDED from AndroidManifest.xml:426:25
meta-data#api_key
ADDED from AndroidManifest.xml:433:9
	android:name
		ADDED from AndroidManifest.xml:434:13
	android:value
		ADDED from AndroidManifest.xml:435:13